2021-07-24 16:18:06,441|__main__    : INFO     周期更新开始
2021-07-24 16:18:06,690|__main__    : INFO     矿卡当前任务：
2021-07-24 16:18:06,690|__main__    : INFO     {'fa028808-a3f0-47dd-9929-f23e2cac2bf8': -2, '35bd9fcc-e57e-4e6d-854d-b6f1f16f6b19': -2, '9b251c39-42e8-4071-9a1f-d36625555513': -2, '31c1c93a-b037-4ab6-88b6-eef6cd23804b': -2, 'fb1d5516-9a42-4f6e-84fe-9955723badce': -2, 'e0118ce2-7644-4f6e-aadc-8e0c33b11241': -2, '1b787c4a-210a-46ce-a32c-73cbc1cd5e39': -2, 'aae4642f-f74b-4514-971e-c800a4182152': -2, '5f010e86-3398-4f88-a0e7-27d104cc8bbd': -2, 'f68909a0-e644-415f-a140-15c19f162b8f': -2, '5221a7f5-0a90-482f-b2bd-c902110a792d': -2, 'dd8f0405-1ade-4d23-8985-2a1e603c5c2a': -2}
2021-07-24 16:18:07,699|__main__    : INFO     f{周期更新结束}
2021-07-24 16:18:07,734|__main__    : INFO      
2021-07-24 16:18:07,734|__main__    : INFO     调度矿卡fa028808-a3f0-47dd-9929-f23e2cac2bf8  KK005
2021-07-24 16:18:07,735|__main__    : INFO     矿卡状态：矿卡启动或故障恢复
2021-07-24 16:18:07,735|__main__    : INFO     矿卡行程：无
2021-07-24 16:18:07,735|__main__    : INFO     涉及电铲：['18a8cfc1-0ff6-42ac-bb2a-2d770e42d39e']
2021-07-24 16:18:07,735|__main__    : INFO     电铲饱和度：[1.]
2021-07-24 16:18:07,736|__main__    : INFO     行程时间：[2.9]
2021-07-24 16:18:07,736|__main__    : INFO     行驶时间：[2.9]
2021-07-24 16:18:07,736|__main__    : INFO     目的地：18a8cfc1-0ff6-42ac-bb2a-2d770e42d39e
2021-07-24 16:18:07,736|__main__    : INFO      
2021-07-24 16:18:07,737|__main__    : INFO     调度矿卡5f010e86-3398-4f88-a0e7-27d104cc8bbd  KK008
2021-07-24 16:18:07,737|__main__    : INFO     矿卡状态：矿卡启动或故障恢复
2021-07-24 16:18:07,737|__main__    : INFO     矿卡行程：无
2021-07-24 16:18:07,737|__main__    : INFO     涉及电铲：['18a8cfc1-0ff6-42ac-bb2a-2d770e42d39e']
2021-07-24 16:18:07,737|__main__    : INFO     电铲饱和度：[1.]
2021-07-24 16:18:07,738|__main__    : INFO     行程时间：[2.9]
2021-07-24 16:18:07,738|__main__    : INFO     行驶时间：[2.9]
2021-07-24 16:18:07,738|__main__    : INFO     目的地：18a8cfc1-0ff6-42ac-bb2a-2d770e42d39e
2021-07-24 16:18:07,739|__main__    : INFO      
2021-07-24 16:18:07,739|__main__    : INFO     调度矿卡fb1d5516-9a42-4f6e-84fe-9955723badce  KK001
2021-07-24 16:18:07,739|__main__    : INFO     矿卡状态：矿卡启动或故障恢复
2021-07-24 16:18:07,739|__main__    : INFO     矿卡行程：无
2021-07-24 16:18:07,739|__main__    : INFO     涉及电铲：['18a8cfc1-0ff6-42ac-bb2a-2d770e42d39e']
2021-07-24 16:18:07,740|__main__    : INFO     电铲饱和度：[1.]
2021-07-24 16:18:07,740|__main__    : INFO     行程时间：[2.9]
2021-07-24 16:18:07,740|__main__    : INFO     行驶时间：[2.9]
2021-07-24 16:18:07,741|__main__    : INFO     目的地：18a8cfc1-0ff6-42ac-bb2a-2d770e42d39e
2021-07-24 16:18:07,741|__main__    : INFO      
2021-07-24 16:18:07,741|__main__    : INFO     调度矿卡dd8f0405-1ade-4d23-8985-2a1e603c5c2a  KK002
2021-07-24 16:18:07,741|__main__    : INFO     矿卡状态：矿卡启动或故障恢复
2021-07-24 16:18:07,741|__main__    : INFO     矿卡行程：无
2021-07-24 16:18:07,741|__main__    : INFO     涉及电铲：['18a8cfc1-0ff6-42ac-bb2a-2d770e42d39e']
2021-07-24 16:18:07,742|__main__    : INFO     电铲饱和度：[1.]
2021-07-24 16:18:07,742|__main__    : INFO     行程时间：[2.9]
2021-07-24 16:18:07,742|__main__    : INFO     行驶时间：[2.9]
2021-07-24 16:18:07,743|__main__    : INFO     目的地：18a8cfc1-0ff6-42ac-bb2a-2d770e42d39e
2021-07-24 16:18:07,743|__main__    : INFO      
2021-07-24 16:18:07,743|__main__    : INFO     调度矿卡aae4642f-f74b-4514-971e-c800a4182152  KK010
2021-07-24 16:18:07,743|__main__    : INFO     矿卡状态：矿卡启动或故障恢复
2021-07-24 16:18:07,743|__main__    : INFO     矿卡行程：无
2021-07-24 16:18:07,743|__main__    : INFO     涉及电铲：['18a8cfc1-0ff6-42ac-bb2a-2d770e42d39e']
2021-07-24 16:18:07,744|__main__    : INFO     电铲饱和度：[1.]
2021-07-24 16:18:07,744|__main__    : INFO     行程时间：[2.9]
2021-07-24 16:18:07,744|__main__    : INFO     行驶时间：[2.9]
2021-07-24 16:18:07,744|__main__    : INFO     目的地：18a8cfc1-0ff6-42ac-bb2a-2d770e42d39e
2021-07-24 16:18:07,745|__main__    : INFO      
2021-07-24 16:18:07,745|__main__    : INFO     调度矿卡31c1c93a-b037-4ab6-88b6-eef6cd23804b  XDE120-8
2021-07-24 16:18:07,745|__main__    : INFO     矿卡状态：矿卡启动或故障恢复
2021-07-24 16:18:07,746|__main__    : INFO     矿卡行程：无
2021-07-24 16:18:07,746|__main__    : INFO     涉及电铲：['18a8cfc1-0ff6-42ac-bb2a-2d770e42d39e']
2021-07-24 16:18:07,746|__main__    : INFO     电铲饱和度：[1.]
2021-07-24 16:18:07,747|__main__    : INFO     行程时间：[2.9]
2021-07-24 16:18:07,747|__main__    : INFO     行驶时间：[2.9]
2021-07-24 16:18:07,747|__main__    : INFO     目的地：18a8cfc1-0ff6-42ac-bb2a-2d770e42d39e
2021-07-24 16:18:07,747|__main__    : INFO      
2021-07-24 16:18:07,748|__main__    : INFO     调度矿卡9b251c39-42e8-4071-9a1f-d36625555513  验证bug
2021-07-24 16:18:07,748|__main__    : INFO     矿卡状态：矿卡启动或故障恢复
2021-07-24 16:18:07,748|__main__    : INFO     矿卡行程：无
2021-07-24 16:18:07,748|__main__    : INFO     涉及电铲：['18a8cfc1-0ff6-42ac-bb2a-2d770e42d39e']
2021-07-24 16:18:07,748|__main__    : INFO     电铲饱和度：[1.]
2021-07-24 16:18:07,749|__main__    : INFO     行程时间：[2.9]
2021-07-24 16:18:07,749|__main__    : INFO     行驶时间：[2.9]
2021-07-24 16:18:07,750|__main__    : INFO     目的地：18a8cfc1-0ff6-42ac-bb2a-2d770e42d39e
2021-07-24 16:18:07,750|__main__    : INFO      
2021-07-24 16:18:07,750|__main__    : INFO     调度矿卡e0118ce2-7644-4f6e-aadc-8e0c33b11241  KK003
2021-07-24 16:18:07,750|__main__    : INFO     矿卡状态：矿卡启动或故障恢复
2021-07-24 16:18:07,750|__main__    : INFO     矿卡行程：无
2021-07-24 16:18:07,750|__main__    : INFO     涉及电铲：['18a8cfc1-0ff6-42ac-bb2a-2d770e42d39e']
2021-07-24 16:18:07,751|__main__    : INFO     电铲饱和度：[1.]
2021-07-24 16:18:07,751|__main__    : INFO     行程时间：[2.9]
2021-07-24 16:18:07,751|__main__    : INFO     行驶时间：[2.9]
2021-07-24 16:18:07,751|__main__    : INFO     目的地：18a8cfc1-0ff6-42ac-bb2a-2d770e42d39e
2021-07-24 16:18:07,752|__main__    : INFO      
2021-07-24 16:18:07,752|__main__    : INFO     调度矿卡35bd9fcc-e57e-4e6d-854d-b6f1f16f6b19  KK006
2021-07-24 16:18:07,752|__main__    : INFO     矿卡状态：矿卡启动或故障恢复
2021-07-24 16:18:07,752|__main__    : INFO     矿卡行程：无
2021-07-24 16:18:07,752|__main__    : INFO     涉及电铲：['18a8cfc1-0ff6-42ac-bb2a-2d770e42d39e']
2021-07-24 16:18:07,753|__main__    : INFO     电铲饱和度：[1.]
2021-07-24 16:18:07,753|__main__    : INFO     行程时间：[2.9]
2021-07-24 16:18:07,753|__main__    : INFO     行驶时间：[2.9]
2021-07-24 16:18:07,753|__main__    : INFO     目的地：18a8cfc1-0ff6-42ac-bb2a-2d770e42d39e
2021-07-24 16:18:07,754|__main__    : INFO      
2021-07-24 16:18:07,754|__main__    : INFO     调度矿卡5221a7f5-0a90-482f-b2bd-c902110a792d  NTE200-4（18#）
2021-07-24 16:18:07,754|__main__    : INFO     矿卡状态：矿卡启动或故障恢复
2021-07-24 16:18:07,754|__main__    : INFO     矿卡行程：无
2021-07-24 16:18:07,754|__main__    : INFO     涉及电铲：['18a8cfc1-0ff6-42ac-bb2a-2d770e42d39e']
2021-07-24 16:18:07,754|__main__    : INFO     电铲饱和度：[1.]
2021-07-24 16:18:07,755|__main__    : INFO     行程时间：[2.9]
2021-07-24 16:18:07,755|__main__    : INFO     行驶时间：[2.9]
2021-07-24 16:18:07,755|__main__    : INFO     目的地：18a8cfc1-0ff6-42ac-bb2a-2d770e42d39e
2021-07-24 16:18:07,755|__main__    : INFO      
2021-07-24 16:18:07,756|__main__    : INFO     调度矿卡1b787c4a-210a-46ce-a32c-73cbc1cd5e39  KK007
2021-07-24 16:18:07,756|__main__    : INFO     矿卡状态：矿卡启动或故障恢复
2021-07-24 16:18:07,756|__main__    : INFO     矿卡行程：无
2021-07-24 16:18:07,756|__main__    : INFO     涉及电铲：['18a8cfc1-0ff6-42ac-bb2a-2d770e42d39e']
2021-07-24 16:18:07,756|__main__    : INFO     电铲饱和度：[1.]
2021-07-24 16:18:07,757|__main__    : INFO     行程时间：[2.9]
2021-07-24 16:18:07,757|__main__    : INFO     行驶时间：[2.9]
2021-07-24 16:18:07,757|__main__    : INFO     目的地：18a8cfc1-0ff6-42ac-bb2a-2d770e42d39e
2021-07-24 16:18:07,757|__main__    : INFO      
2021-07-24 16:18:07,758|__main__    : INFO     调度矿卡f68909a0-e644-415f-a140-15c19f162b8f  KK004
2021-07-24 16:18:07,758|__main__    : INFO     矿卡状态：矿卡启动或故障恢复
2021-07-24 16:18:07,758|__main__    : INFO     矿卡行程：无
2021-07-24 16:18:07,758|__main__    : INFO     涉及电铲：['18a8cfc1-0ff6-42ac-bb2a-2d770e42d39e']
2021-07-24 16:18:07,759|__main__    : INFO     电铲饱和度：[1.]
2021-07-24 16:18:07,759|__main__    : INFO     行程时间：[2.9]
2021-07-24 16:18:07,759|__main__    : INFO     行驶时间：[2.9]
2021-07-24 16:18:07,760|__main__    : INFO     目的地：18a8cfc1-0ff6-42ac-bb2a-2d770e42d39e
